Arguments: 
  /home/coco/.nvm/versions/node/v8.16.2/bin/node /home/coco/.nvm/versions/node/v8.16.2/bin/yarn add flexslider-dist

PATH: 
  /home/coco/.nvm/versions/node/v8.16.2/bin:/usr/local/sbin:/usr/local/bin:/usr/sbin:/usr/bin:/sbin:/bin:/usr/games:/usr/local/games:/snap/bin

Yarn version: 
  1.19.1

Node version: 
  8.16.2

Platform: 
  linux x64

Trace: 
  Error: https://registry.yarnpkg.com/flexslider-dist: Not found
      at Request.params.callback [as _callback] (/home/coco/.nvm/versions/node/v8.16.2/lib/node_modules/yarn/lib/cli.js:66926:18)
      at Request.self.callback (/home/coco/.nvm/versions/node/v8.16.2/lib/node_modules/yarn/lib/cli.js:140564:22)
      at emitTwo (events.js:126:13)
      at Request.emit (events.js:214:7)
      at Request.<anonymous> (/home/coco/.nvm/versions/node/v8.16.2/lib/node_modules/yarn/lib/cli.js:141536:10)
      at emitOne (events.js:116:13)
      at Request.emit (events.js:211:7)
      at IncomingMessage.<anonymous> (/home/coco/.nvm/versions/node/v8.16.2/lib/node_modules/yarn/lib/cli.js:141458:12)
      at Object.onceWrapper (events.js:313:30)
      at emitNone (events.js:111:20)

npm manifest: 
  {
    "name": "challengeNavent",
    "version": "1.0.0",
    "main": "index.js",
    "license": "MIT",
    "dependencies": {
      "flexslider": "^2.7.2",
      "jquery": "^3.4.1"
    }
  }

yarn manifest: 
  No manifest

Lockfile: 
  # THIS IS AN AUTOGENERATED FILE. DO NOT EDIT THIS FILE DIRECTLY.
  # yarn lockfile v1
  
  
  flexslider@^2.7.2:
    version "2.7.2"
    resolved "https://registry.yarnpkg.com/flexslider/-/flexslider-2.7.2.tgz#c0f4d36559b86feb8a3bc7d6a5abb9aa01bcf909"
    integrity sha512-ayzD+g+zYPG+sM+LXyXbfm4gS4unLB0PGsjwIu03TeRNZ+JLQTtbV3J42VO9ooRZ9idmuWgR5s3r4hw6shS1tQ==
    dependencies:
      jquery ">=1.11.3"
  
  jquery@>=1.11.3, jquery@^3.4.1:
    version "3.4.1"
    resolved "https://registry.yarnpkg.com/jquery/-/jquery-3.4.1.tgz#714f1f8d9dde4bdfa55764ba37ef214630d80ef2"
    integrity sha512-36+AdBzCL+y6qjw5Tx7HgzeGCzC81MDDgaUP8ld2zhx58HdqXGoBd+tHdrBMiyjGQs0Hxs/MLZTu/eHNJJuWPw==
